# Logfile created on 2015-04-19 18:06:11 +1000 by logger.rb/41954
I, [2015-04-19T18:06:11.722474 #7104]  INFO -- : Error undefined local variable or method `uri' for OutriderTools::Scrape:Module
I, [2015-04-19T18:22:44.516012 #7134]  INFO -- : Error undefined local variable or method `files' for OutriderTools::Scrape:Module
I, [2015-04-19T18:23:15.982401 #7135]  INFO -- : Error undefined method `host' for "http://www.nzherald.co.nz":String
I, [2015-04-19T18:24:17.186103 #7136]  INFO -- : Error undefined local variable or method `clean_urls' for OutriderTools::Scrape:Module
I, [2015-04-19T18:24:51.342429 #7138]  INFO -- : Error 
I, [2015-04-19T18:35:45.879858 #7139]  INFO -- : Error 
I, [2015-04-19T18:35:45.882009 #7139]  INFO -- : Error 
I, [2015-04-19T18:35:45.882119 #7139]  INFO -- : Error 
I, [2015-04-19T18:35:45.882216 #7139]  INFO -- : Error 
I, [2015-04-19T18:35:45.882311 #7139]  INFO -- : Error 
I, [2015-04-19T18:35:45.882405 #7139]  INFO -- : Error 
I, [2015-04-19T18:35:45.882499 #7139]  INFO -- : Error 
I, [2015-04-19T18:35:45.882592 #7139]  INFO -- : Error 
I, [2015-04-19T18:35:45.882685 #7139]  INFO -- : Error 
I, [2015-04-19T18:35:45.882778 #7139]  INFO -- : Error 
I, [2015-04-19T18:35:45.882871 #7139]  INFO -- : Error 
I, [2015-04-19T18:35:45.882965 #7139]  INFO -- : Error 
I, [2015-04-19T18:35:45.883059 #7139]  INFO -- : Error 
I, [2015-04-19T18:35:45.883151 #7139]  INFO -- : Error 
I, [2015-04-19T18:35:45.883245 #7139]  INFO -- : Error 
I, [2015-04-19T18:35:45.883337 #7139]  INFO -- : Error 
I, [2015-04-19T18:35:45.883430 #7139]  INFO -- : Error 
I, [2015-04-19T18:35:45.883523 #7139]  INFO -- : Error 
I, [2015-04-19T18:35:45.883615 #7139]  INFO -- : Error 
I, [2015-04-19T18:35:45.883708 #7139]  INFO -- : Error 
I, [2015-04-19T18:35:45.883802 #7139]  INFO -- : Error 
I, [2015-04-19T18:35:45.883894 #7139]  INFO -- : Error 
I, [2015-04-19T18:35:45.883987 #7139]  INFO -- : Error 
I, [2015-04-19T18:35:45.884085 #7139]  INFO -- : Error 
I, [2015-04-19T18:35:45.884196 #7139]  INFO -- : Error 
I, [2015-04-19T18:35:45.884290 #7139]  INFO -- : Error 
I, [2015-04-19T18:35:45.884383 #7139]  INFO -- : Error 
I, [2015-04-19T18:35:45.884476 #7139]  INFO -- : Error 
I, [2015-04-19T18:35:45.884568 #7139]  INFO -- : Error 
I, [2015-04-19T18:35:45.884661 #7139]  INFO -- : Error 
I, [2015-04-19T18:35:45.884753 #7139]  INFO -- : Error 
I, [2015-04-19T18:35:45.884845 #7139]  INFO -- : Error 
I, [2015-04-19T18:35:45.884937 #7139]  INFO -- : Error 
I, [2015-04-19T18:35:45.885028 #7139]  INFO -- : Error 
I, [2015-04-19T18:35:45.885121 #7139]  INFO -- : Error 
I, [2015-04-19T18:35:45.885214 #7139]  INFO -- : Error 
I, [2015-04-19T18:35:45.885307 #7139]  INFO -- : Error 
I, [2015-04-19T18:35:45.885399 #7139]  INFO -- : Error 
I, [2015-04-19T18:35:45.885491 #7139]  INFO -- : Error 
I, [2015-04-19T18:35:45.885583 #7139]  INFO -- : Error 
I, [2015-04-19T18:35:45.885676 #7139]  INFO -- : Error 
I, [2015-04-19T18:35:45.885786 #7139]  INFO -- : Error 
I, [2015-04-19T18:35:45.885858 #7139]  INFO -- : Error 
I, [2015-04-19T18:35:45.885929 #7139]  INFO -- : Error 
I, [2015-04-19T18:35:45.886000 #7139]  INFO -- : Error 
I, [2015-04-19T18:35:45.886070 #7139]  INFO -- : Error 
I, [2015-04-19T18:35:45.886140 #7139]  INFO -- : Error 
I, [2015-04-19T18:35:45.886211 #7139]  INFO -- : Error 
I, [2015-04-19T18:35:45.886282 #7139]  INFO -- : Error 
I, [2015-04-19T18:35:45.886353 #7139]  INFO -- : Error 
I, [2015-04-19T18:35:45.886423 #7139]  INFO -- : Error 
I, [2015-04-19T18:35:45.886492 #7139]  INFO -- : Error 
I, [2015-04-19T18:35:45.886562 #7139]  INFO -- : Error 
I, [2015-04-19T18:35:45.886632 #7139]  INFO -- : Error 
I, [2015-04-19T18:35:45.886703 #7139]  INFO -- : Error 
I, [2015-04-19T18:35:45.886774 #7139]  INFO -- : Error 
I, [2015-04-19T18:35:45.886845 #7139]  INFO -- : Error 
I, [2015-04-19T18:35:45.886917 #7139]  INFO -- : Error 
I, [2015-04-19T18:35:45.886987 #7139]  INFO -- : Error 
I, [2015-04-19T18:35:45.887059 #7139]  INFO -- : Error 
I, [2015-04-19T18:35:45.887130 #7139]  INFO -- : Error 
I, [2015-04-19T18:35:45.887201 #7139]  INFO -- : Error 
I, [2015-04-19T18:35:45.887299 #7139]  INFO -- : Error 
I, [2015-04-19T18:35:45.887373 #7139]  INFO -- : Error 
I, [2015-04-19T18:35:45.887443 #7139]  INFO -- : Error 
I, [2015-04-19T18:35:45.887513 #7139]  INFO -- : Error 
I, [2015-04-19T18:35:45.887583 #7139]  INFO -- : Error 
I, [2015-04-19T18:35:45.887652 #7139]  INFO -- : Error 
I, [2015-04-19T18:35:45.887722 #7139]  INFO -- : Error 
I, [2015-04-19T18:35:45.887793 #7139]  INFO -- : Error 
I, [2015-04-19T18:35:45.887862 #7139]  INFO -- : Error 
I, [2015-04-19T18:35:45.887932 #7139]  INFO -- : Error 
I, [2015-04-19T18:35:45.888003 #7139]  INFO -- : Error 
I, [2015-04-19T18:35:45.888073 #7139]  INFO -- : Error 
I, [2015-04-19T18:35:45.888150 #7139]  INFO -- : Error 
I, [2015-04-19T18:35:45.888228 #7139]  INFO -- : Error 
I, [2015-04-19T18:35:45.888302 #7139]  INFO -- : Error 
I, [2015-04-19T18:35:45.888380 #7139]  INFO -- : Error 
I, [2015-04-19T18:35:45.888453 #7139]  INFO -- : Error 
I, [2015-04-19T18:35:45.888524 #7139]  INFO -- : Error 
I, [2015-04-19T18:35:45.888594 #7139]  INFO -- : Error 
I, [2015-04-19T18:35:45.888664 #7139]  INFO -- : Error 
I, [2015-04-19T18:35:45.888734 #7139]  INFO -- : Error 
I, [2015-04-19T18:35:45.888803 #7139]  INFO -- : Error 
I, [2015-04-19T18:35:45.888872 #7139]  INFO -- : Error 
I, [2015-04-19T18:35:45.888942 #7139]  INFO -- : Error 
I, [2015-04-19T18:35:45.889011 #7139]  INFO -- : Error 
I, [2015-04-19T18:35:45.889080 #7139]  INFO -- : Error 
I, [2015-04-19T18:35:45.889150 #7139]  INFO -- : Error 
I, [2015-04-19T18:35:45.889220 #7139]  INFO -- : Error 
I, [2015-04-19T18:35:45.889290 #7139]  INFO -- : Error 
I, [2015-04-19T18:35:45.889360 #7139]  INFO -- : Error 
I, [2015-04-19T18:35:45.889430 #7139]  INFO -- : Error 
I, [2015-04-19T18:35:45.889500 #7139]  INFO -- : Error 
I, [2015-04-19T18:35:45.889569 #7139]  INFO -- : Error 
I, [2015-04-19T18:35:45.889645 #7139]  INFO -- : Error 
I, [2015-04-19T18:35:45.889716 #7139]  INFO -- : Error 
I, [2015-04-19T18:35:45.889799 #7139]  INFO -- : Error 
I, [2015-04-19T18:35:45.889859 #7139]  INFO -- : Error 
I, [2015-04-19T18:35:45.889918 #7139]  INFO -- : Error 
I, [2015-04-19T18:35:45.889976 #7139]  INFO -- : Error 
I, [2015-04-19T18:35:45.890035 #7139]  INFO -- : Error 
I, [2015-04-19T18:35:45.890094 #7139]  INFO -- : Error 
I, [2015-04-19T18:35:45.890152 #7139]  INFO -- : Error 
I, [2015-04-19T18:35:45.890212 #7139]  INFO -- : Error 
I, [2015-04-19T18:35:45.890271 #7139]  INFO -- : Error 
I, [2015-04-19T18:35:45.890330 #7139]  INFO -- : Error 
I, [2015-04-19T18:35:45.890388 #7139]  INFO -- : Error 
I, [2015-04-19T18:35:45.890447 #7139]  INFO -- : Error 
I, [2015-04-19T18:35:45.890506 #7139]  INFO -- : Error 
I, [2015-04-19T18:35:45.890565 #7139]  INFO -- : Error 
I, [2015-04-19T18:35:45.890623 #7139]  INFO -- : Error 
I, [2015-04-19T18:35:45.890682 #7139]  INFO -- : Error 
I, [2015-04-19T18:35:45.890741 #7139]  INFO -- : Error 
I, [2015-04-19T18:35:45.890800 #7139]  INFO -- : Error 
I, [2015-04-19T18:35:45.890858 #7139]  INFO -- : Error 
I, [2015-04-19T18:35:45.890917 #7139]  INFO -- : Error 
I, [2015-04-19T18:35:45.890976 #7139]  INFO -- : Error 
I, [2015-04-19T18:35:45.891034 #7139]  INFO -- : Error 
I, [2015-04-19T18:35:45.891093 #7139]  INFO -- : Error 
I, [2015-04-19T18:35:45.891152 #7139]  INFO -- : Error 
I, [2015-04-19T18:35:45.891212 #7139]  INFO -- : Error 
I, [2015-04-19T18:35:45.891271 #7139]  INFO -- : Error 
I, [2015-04-19T18:35:45.891331 #7139]  INFO -- : Error 
I, [2015-04-19T18:35:45.891390 #7139]  INFO -- : Error 
I, [2015-04-19T18:35:45.891449 #7139]  INFO -- : Error 
I, [2015-04-19T18:35:45.891507 #7139]  INFO -- : Error 
I, [2015-04-19T18:35:45.891566 #7139]  INFO -- : Error 
I, [2015-04-19T18:35:45.891624 #7139]  INFO -- : Error 
I, [2015-04-19T18:35:45.891683 #7139]  INFO -- : Error 
I, [2015-04-19T18:35:45.891743 #7139]  INFO -- : Error 
I, [2015-04-19T18:35:45.891803 #7139]  INFO -- : Error 
I, [2015-04-19T18:35:45.891862 #7139]  INFO -- : Error 
I, [2015-04-19T18:35:45.891920 #7139]  INFO -- : Error 
I, [2015-04-19T18:35:45.891979 #7139]  INFO -- : Error 
I, [2015-04-19T18:35:45.892050 #7139]  INFO -- : Error 
I, [2015-04-19T18:35:45.892111 #7139]  INFO -- : Error 
I, [2015-04-19T18:35:45.892171 #7139]  INFO -- : Error 
I, [2015-04-19T18:35:45.892235 #7139]  INFO -- : Error 
I, [2015-04-19T18:35:45.892303 #7139]  INFO -- : Error 
I, [2015-04-19T18:35:45.892345 #7139]  INFO -- : Error 
I, [2015-04-19T18:35:45.892386 #7139]  INFO -- : Error 
I, [2015-04-19T18:35:45.892427 #7139]  INFO -- : Error 
I, [2015-04-19T18:35:45.892468 #7139]  INFO -- : Error 
I, [2015-04-19T18:35:45.892509 #7139]  INFO -- : Error 
I, [2015-04-19T18:35:45.892550 #7139]  INFO -- : Error 
I, [2015-04-19T18:35:45.892591 #7139]  INFO -- : Error 
I, [2015-04-19T18:35:45.892632 #7139]  INFO -- : Error 
I, [2015-04-19T18:35:45.892673 #7139]  INFO -- : Error 
I, [2015-04-19T18:35:45.892714 #7139]  INFO -- : Error 
I, [2015-04-19T18:35:45.892755 #7139]  INFO -- : Error 
I, [2015-04-19T18:35:45.892796 #7139]  INFO -- : Error 
I, [2015-04-19T18:35:45.892838 #7139]  INFO -- : Error 
I, [2015-04-19T18:35:45.892879 #7139]  INFO -- : Error 
I, [2015-04-19T18:35:45.892920 #7139]  INFO -- : Error 
I, [2015-04-19T18:35:45.892961 #7139]  INFO -- : Error 
I, [2015-04-19T18:35:45.893003 #7139]  INFO -- : Error 
I, [2015-04-19T18:35:45.893044 #7139]  INFO -- : Error 
I, [2015-04-19T18:35:45.893085 #7139]  INFO -- : Error 
I, [2015-04-19T18:35:45.893126 #7139]  INFO -- : Error 
I, [2015-04-19T18:35:45.893186 #7139]  INFO -- : Error 
I, [2015-04-19T18:35:45.893231 #7139]  INFO -- : Error 
I, [2015-04-19T18:35:45.893284 #7139]  INFO -- : Error 
I, [2015-04-19T18:35:45.893338 #7139]  INFO -- : Error 
I, [2015-04-19T18:35:45.893383 #7139]  INFO -- : Error 
I, [2015-04-19T18:35:45.893435 #7139]  INFO -- : Error 
I, [2015-04-19T18:35:45.893477 #7139]  INFO -- : Error 
I, [2015-04-19T18:35:45.893525 #7139]  INFO -- : Error 
I, [2015-04-19T18:35:45.893567 #7139]  INFO -- : Error 
I, [2015-04-19T18:35:45.893609 #7139]  INFO -- : Error 
I, [2015-04-19T18:35:45.893654 #7139]  INFO -- : Error 
I, [2015-04-19T18:35:45.893696 #7139]  INFO -- : Error 
I, [2015-04-19T18:35:45.893739 #7139]  INFO -- : Error 
I, [2015-04-19T18:35:45.893780 #7139]  INFO -- : Error 
I, [2015-04-19T18:35:45.893826 #7139]  INFO -- : Error 
I, [2015-04-19T18:35:45.893868 #7139]  INFO -- : Error 
I, [2015-04-19T18:35:45.893910 #7139]  INFO -- : Error 
I, [2015-04-19T18:35:45.893955 #7139]  INFO -- : Error 
I, [2015-04-19T18:35:45.893997 #7139]  INFO -- : Error 
I, [2015-04-19T18:35:45.894039 #7139]  INFO -- : Error 
I, [2015-04-19T18:35:45.894090 #7139]  INFO -- : Error 
I, [2015-04-19T18:35:45.894144 #7139]  INFO -- : Error 
I, [2015-04-19T18:35:45.894186 #7139]  INFO -- : Error 
I, [2015-04-19T18:35:45.894228 #7139]  INFO -- : Error 
I, [2015-04-19T18:35:45.894273 #7139]  INFO -- : Error 
I, [2015-04-19T18:35:45.894316 #7139]  INFO -- : Error 
I, [2015-04-19T18:35:45.894359 #7139]  INFO -- : Error 
I, [2015-04-19T18:35:45.894401 #7139]  INFO -- : Error 
I, [2015-04-19T18:35:45.894447 #7139]  INFO -- : Error 
I, [2015-04-19T18:35:45.894489 #7139]  INFO -- : Error 
I, [2015-04-19T18:35:45.894531 #7139]  INFO -- : Error 
I, [2015-04-19T18:35:45.894576 #7139]  INFO -- : Error 
I, [2015-04-19T18:35:45.894618 #7139]  INFO -- : Error 
I, [2015-04-19T18:35:45.894660 #7139]  INFO -- : Error 
I, [2015-04-19T18:35:45.894704 #7139]  INFO -- : Error 
I, [2015-04-19T18:35:45.894747 #7139]  INFO -- : Error 
I, [2015-04-19T18:35:45.894789 #7139]  INFO -- : Error 
I, [2015-04-19T18:35:45.894830 #7139]  INFO -- : Error 
I, [2015-04-19T18:35:45.894876 #7139]  INFO -- : Error 
I, [2015-04-19T18:35:45.894918 #7139]  INFO -- : Error 
I, [2015-04-19T18:35:45.894960 #7139]  INFO -- : Error 
I, [2015-04-19T18:35:45.895004 #7139]  INFO -- : Error 
I, [2015-04-19T18:35:45.895058 #7139]  INFO -- : Error 
I, [2015-04-19T18:35:45.895102 #7139]  INFO -- : Error 
I, [2015-04-19T18:35:45.895146 #7139]  INFO -- : Error 
I, [2015-04-19T18:35:45.895194 #7139]  INFO -- : Error 
I, [2015-04-19T18:35:45.895239 #7139]  INFO -- : Error 
I, [2015-04-19T18:35:45.895283 #7139]  INFO -- : Error 
I, [2015-04-19T18:35:45.895331 #7139]  INFO -- : Error 
I, [2015-04-19T18:35:45.895384 #7139]  INFO -- : Error 
I, [2015-04-19T18:35:45.895430 #7139]  INFO -- : Error 
I, [2015-04-19T18:35:45.895517 #7139]  INFO -- : Error 
I, [2015-04-19T18:35:45.895585 #7139]  INFO -- : Error 
I, [2015-04-19T18:35:45.895639 #7139]  INFO -- : Error 
I, [2015-04-19T18:35:45.895684 #7139]  INFO -- : Error 
I, [2015-04-19T18:35:45.895731 #7139]  INFO -- : Error 
I, [2015-04-19T18:35:45.895775 #7139]  INFO -- : Error 
I, [2015-04-19T18:35:45.895819 #7139]  INFO -- : Error 
I, [2015-04-19T18:35:45.895864 #7139]  INFO -- : Error 
I, [2015-04-19T18:35:45.895912 #7139]  INFO -- : Error 
I, [2015-04-19T18:35:45.895957 #7139]  INFO -- : Error 
I, [2015-04-19T18:35:45.896001 #7139]  INFO -- : Error 
I, [2015-04-19T18:35:45.896048 #7139]  INFO -- : Error 
I, [2015-04-19T18:35:45.896093 #7139]  INFO -- : Error 
I, [2015-04-19T18:35:45.896137 #7139]  INFO -- : Error 
I, [2015-04-19T18:35:45.896182 #7139]  INFO -- : Error 
I, [2015-04-19T18:35:45.896230 #7139]  INFO -- : Error 
I, [2015-04-19T18:35:45.896274 #7139]  INFO -- : Error 
I, [2015-04-19T18:35:45.896318 #7139]  INFO -- : Error 
I, [2015-04-19T18:35:45.896366 #7139]  INFO -- : Error 
I, [2015-04-19T18:35:45.896410 #7139]  INFO -- : Error 
I, [2015-04-19T18:35:45.896455 #7139]  INFO -- : Error 
I, [2015-04-19T18:35:45.896502 #7139]  INFO -- : Error 
I, [2015-04-19T18:35:45.896547 #7139]  INFO -- : Error 
I, [2015-04-19T18:35:45.896634 #7139]  INFO -- : Error 
I, [2015-04-19T18:35:45.896688 #7139]  INFO -- : Error 
I, [2015-04-19T18:35:45.896736 #7139]  INFO -- : Error 
I, [2015-04-19T18:35:45.896780 #7139]  INFO -- : Error 
I, [2015-04-19T18:35:45.896825 #7139]  INFO -- : Error 
I, [2015-04-19T18:35:45.896872 #7139]  INFO -- : Error 
I, [2015-04-19T18:35:45.896918 #7139]  INFO -- : Error 
I, [2015-04-19T18:35:45.896962 #7139]  INFO -- : Error 
I, [2015-04-19T18:35:45.897007 #7139]  INFO -- : Error 
I, [2015-04-19T18:35:45.897054 #7139]  INFO -- : Error 
I, [2015-04-19T18:35:45.897099 #7139]  INFO -- : Error 
I, [2015-04-19T18:35:45.897143 #7139]  INFO -- : Error 
I, [2015-04-19T18:35:45.897191 #7139]  INFO -- : Error 
I, [2015-04-19T18:35:45.897235 #7139]  INFO -- : Error 
I, [2015-04-19T18:35:45.897280 #7139]  INFO -- : Error 
I, [2015-04-19T18:35:45.897324 #7139]  INFO -- : Error 
I, [2015-04-19T18:35:45.897371 #7139]  INFO -- : Error 
I, [2015-04-19T18:35:45.897417 #7139]  INFO -- : Error 
I, [2015-04-19T18:35:45.897461 #7139]  INFO -- : Error 
I, [2015-04-19T18:35:45.897508 #7139]  INFO -- : Error 
I, [2015-04-19T18:35:45.897553 #7139]  INFO -- : Error 
I, [2015-04-19T18:35:45.897598 #7139]  INFO -- : Error 
I, [2015-04-19T18:35:45.897652 #7139]  INFO -- : Error 
I, [2015-04-19T18:35:45.897712 #7139]  INFO -- : Error 
I, [2015-04-19T18:35:45.897760 #7139]  INFO -- : Error 
I, [2015-04-19T18:35:45.897808 #7139]  INFO -- : Error 
I, [2015-04-19T18:35:45.897866 #7139]  INFO -- : Error 
I, [2015-04-19T18:35:45.897913 #7139]  INFO -- : Error 
I, [2015-04-19T18:35:45.897958 #7139]  INFO -- : Error 
I, [2015-04-19T18:35:45.898005 #7139]  INFO -- : Error 
I, [2015-04-19T18:35:45.898054 #7139]  INFO -- : Error 
I, [2015-04-19T18:35:45.898108 #7139]  INFO -- : Error 
I, [2015-04-19T18:35:45.898152 #7139]  INFO -- : Error 
I, [2015-04-19T18:35:45.898200 #7139]  INFO -- : Error 
I, [2015-04-19T18:35:45.898245 #7139]  INFO -- : Error 
I, [2015-04-19T18:35:45.898289 #7139]  INFO -- : Error 
I, [2015-04-19T18:35:45.898334 #7139]  INFO -- : Error 
I, [2015-04-19T18:35:45.898383 #7139]  INFO -- : Error 
I, [2015-04-19T18:35:45.898427 #7139]  INFO -- : Error 
I, [2015-04-19T18:35:45.898471 #7139]  INFO -- : Error 
I, [2015-04-19T18:35:45.898519 #7139]  INFO -- : Error 
I, [2015-04-19T18:35:45.898563 #7139]  INFO -- : Error 
I, [2015-04-19T18:35:45.898608 #7139]  INFO -- : Error 
I, [2015-04-19T18:35:45.898655 #7139]  INFO -- : Error 
I, [2015-04-19T18:35:45.898700 #7139]  INFO -- : Error 
I, [2015-04-19T18:35:45.898745 #7139]  INFO -- : Error 
I, [2015-04-19T18:35:45.898789 #7139]  INFO -- : Error 
I, [2015-04-19T18:35:45.898836 #7139]  INFO -- : Error 
I, [2015-04-19T18:35:45.898889 #7139]  INFO -- : Error 
I, [2015-04-19T18:35:45.898933 #7139]  INFO -- : Error 
I, [2015-04-19T18:35:45.898981 #7139]  INFO -- : Error 
I, [2015-04-19T18:35:45.899026 #7139]  INFO -- : Error 
I, [2015-04-19T18:35:45.899069 #7139]  INFO -- : Error 
I, [2015-04-19T18:35:45.899113 #7139]  INFO -- : Error 
I, [2015-04-19T18:35:45.899161 #7139]  INFO -- : Error 
I, [2015-04-19T18:35:45.899206 #7139]  INFO -- : Error 
I, [2015-04-19T18:35:45.899251 #7139]  INFO -- : Error 
I, [2015-04-19T18:35:45.899299 #7139]  INFO -- : Error 
I, [2015-04-19T18:35:45.899344 #7139]  INFO -- : Error 
I, [2015-04-19T18:35:45.899389 #7139]  INFO -- : Error 
I, [2015-04-19T18:35:45.899435 #7139]  INFO -- : Error 
I, [2015-04-19T18:35:45.899483 #7139]  INFO -- : Error 
I, [2015-04-19T18:35:45.899527 #7139]  INFO -- : Error 
I, [2015-04-19T18:35:45.899572 #7139]  INFO -- : Error 
I, [2015-04-19T18:40:28.377708 #7147]  INFO -- : Error 
I, [2015-04-19T18:40:37.353727 #7148]  INFO -- : Error 
I, [2015-04-19T18:41:12.145386 #7150]  INFO -- : Error 
I, [2015-04-19T18:47:48.755878 #7152]  INFO -- : Error 
I, [2015-04-19T18:48:02.875409 #7156]  INFO -- : Error 
I, [2015-04-19T19:05:29.677128 #7178]  INFO -- : Error 
I, [2015-04-19T19:06:59.083891 #7180]  INFO -- : Error 
I, [2015-04-19T19:07:47.114596 #7183]  INFO -- : Error 
I, [2015-04-19T19:08:12.000822 #7184]  INFO -- : Error 
I, [2015-04-19T19:08:50.969000 #7185]  INFO -- : Error 
I, [2015-04-19T19:14:43.340837 #7191]  INFO -- : Error buffer error
I, [2015-04-19T19:35:09.707133 #7212]  INFO -- : Error 
I, [2015-04-19T20:06:58.654095 #7214]  INFO -- : Error 
